#
# There is insufficient memory for the Java Runtime Environment to continue.
# Native memory allocation (malloc) failed to allocate 798816 bytes for Chunk::new
# Possible reasons:
#   The system is out of physical RAM or swap space
#   In 32 bit mode, the process size limit was hit
# Possible solutions:
#   Reduce memory load on the system
#   Increase physical memory or swap space
#   Check if swap backing store is full
#   Use 64 bit Java on a 64 bit OS
#   Decrease Java heap size (-Xmx/-Xms)
#   Decrease number of Java threads
#   Decrease Java thread stack sizes (-Xss)
#   Set larger code cache with -XX:ReservedCodeCacheSize=
# This output file may be truncated or incomplete.
#
#  Out of Memory Error (allocation.cpp:390), pid=5388, tid=0x0000000000000ae4
#
# JRE version: OpenJDK Runtime Environment (8.0_112-b06) (build 1.8.0_112-release-b06)
# Java VM: OpenJDK 64-Bit Server VM (25.112-b06 mixed mode windows-amd64 compressed oops)
# Failed to write core dump. Minidumps are not enabled by default on client versions of Windows
#

---------------  T H R E A D  ---------------

Current thread (0x0000000014bdd000):  JavaThread "C2 CompilerThread0" daemon [_thread_in_native, id=2788, stack(0x0000000016210000,0x0000000016310000)]

Stack: [0x0000000016210000,0x0000000016310000]
[error occurred during error reporting (printing stack bounds), id 0xc0000005]

Native frames: (J=compiled Java code, j=interpreted, Vv=VM code, C=native code)


Current CompileTask:
C2:  17140 2334   !   4       com.android.dx.cf.code.BytecodeArray::parseInstruction (2764 bytes)


---------------  P R O C E S S  ---------------

Java Threads: ( => current thread )
  0x00000000166b8000 JavaThread "pool-1-thread-4" [_thread_blocked, id=324, stack(0x0000000017710000,0x0000000017810000)]
  0x00000000166fe000 JavaThread "pool-1-thread-3" [_thread_in_Java, id=5100, stack(0x0000000017610000,0x0000000017710000)]
  0x00000000166fd000 JavaThread "pool-1-thread-2" [_thread_in_Java, id=4568, stack(0x0000000017510000,0x0000000017610000)]
  0x00000000166f8800 JavaThread "pool-2-thread-1" [_thread_blocked, id=1000, stack(0x0000000017410000,0x0000000017510000)]
  0x0000000016786000 JavaThread "pool-1-thread-1" [_thread_blocked, id=8956, stack(0x0000000017310000,0x0000000017410000)]
  0x0000000014c3e800 JavaThread "Service Thread" daemon [_thread_blocked, id=2896, stack(0x0000000016910000,0x0000000016a10000)]
  0x0000000014c3a800 JavaThread "C1 CompilerThread2" daemon [_thread_blocked, id=1348, stack(0x0000000016810000,0x0000000016910000)]
  0x0000000014c2d000 JavaThread "C2 CompilerThread1" daemon [_thread_in_native, id=9856, stack(0x0000000016310000,0x0000000016410000)]
=>0x0000000014bdd000 JavaThread "C2 CompilerThread0" daemon [_thread_in_native, id=2788, stack(0x0000000016210000,0x0000000016310000)]
  0x0000000014bdb000 JavaThread "Attach Listener" daemon [_thread_blocked, id=9356, stack(0x0000000016110000,0x0000000016210000)]
  0x0000000014bd9800 JavaThread "Signal Dispatcher" daemon [_thread_blocked, id=1676, stack(0x0000000016010000,0x0000000016110000)]
  0x000000000250d000 JavaThread "Finalizer" daemon [_thread_blocked, id=7276, stack(0x0000000015e30000,0x0000000015f30000)]
  0x0000000002502800 JavaThread "Reference Handler" daemon [_thread_blocked, id=7064, stack(0x0000000015d30000,0x0000000015e30000)]
  0x000000000230d800 JavaThread "main" [_thread_blocked, id=2184, stack(0x0000000002310000,0x0000000002410000)]

Other Threads:
  0x0000000014ba5000 VMThread [stack: 0x0000000015c30000,0x0000000015d30000] [id=10140]
  0x0000000016435800 WatcherThread [stack: 0x0000000016a10000,0x0000000016b10000] [id=2172]

VM state:not at safepoint (normal execution)

VM Mutex/Monitor currently owned by a thread: None

Heap:
 PSYoungGen      total 214528K, used 117773K [0x00000000eab00000, 0x00000000f9e00000, 0x0000000100000000)
  eden space 192512K, 50% used [0x00000000eab00000,0x00000000f09f5aa0,0x00000000f6700000)
  from space 22016K, 93% used [0x00000000f8080000,0x00000000f948db30,0x00000000f9600000)
  to   space 26112K, 0% used [0x00000000f6700000,0x00000000f6700000,0x00000000f8080000)
 ParOldGen       total 65536K, used 32455K [0x00000000c0000000, 0x00000000c4000000, 0x00000000eab00000)
  object space 65536K, 49% used [0x00000000c0000000,0x00000000c1fb1e10,0x00000000c4000000)
 Metaspace       used 6481K, capacity 7218K, committed 7296K, reserved 1056768K
  class space    used 598K, capacity 618K, committed 640K, reserved 1048576K

Card table byte_map: [0x00000000118d0000,0x0000000011ae0000] byte_map_base: 0x00000000112d0000

Marking Bits: (ParMarkBitMap*) 0x000000006ee618f0
 Begin Bits: [0x0000000012040000, 0x0000000013040000)
 End Bits:   [0x0000000013040000, 0x0000000014040000)

Polling page: 0x0000000000a60000

CodeCache: size=245760Kb used=12425Kb max_used=12438Kb free=233334Kb
 bounds [0x0000000002510000, 0x0000000003150000, 0x0000000011510000]
 total_blobs=2524 nmethods=2255 adapters=182
 compilation: enabled

Compilation events (10 events):
Event: 17.011 Thread 0x0000000014c3a800 2354       1       java.util.TreeMap$Entry::getKey (5 bytes)
Event: 17.011 Thread 0x0000000014c3a800 nmethod 2354 0x000000000312b750 code [0x000000000312b8a0, 0x000000000312b9b0]
Event: 17.013 Thread 0x0000000014c3a800 2355       2       com.android.dx.ssa.DeadCodeRemover$NoSideEffectVisitor::visitMoveInsn (22 bytes)
Event: 17.014 Thread 0x0000000014c3a800 nmethod 2355 0x00000000030edd90 code [0x00000000030edf00, 0x00000000030ee0f8]
Event: 17.041 Thread 0x0000000014c2d000 nmethod 2337 0x0000000003139c50 code [0x0000000003139e20, 0x000000000313ab98]
Event: 17.041 Thread 0x0000000014c2d000 2341       4       com.android.dx.ssa.back.FirstFitLocalCombiningAllocator::handleLocalAssociatedOther (151 bytes)
Event: 17.103 Thread 0x0000000014c2d000 nmethod 2341 0x000000000313e650 code [0x000000000313e860, 0x000000000313fa48]
Event: 17.103 Thread 0x0000000014c2d000 2340       4       com.android.dx.dex.code.BlockAddresses::setupArrays (113 bytes)
Event: 17.118 Thread 0x0000000014c2d000 nmethod 2340 0x00000000030ecad0 code [0x00000000030ecc80, 0x00000000030ed3f8]
Event: 17.118 Thread 0x0000000014c2d000 2347   !   4       com.android.dx.cf.code.Ropper::doit (126 bytes)

GC Heap History (10 events):
Event: 3.405 GC heap before
{Heap before GC invocations=2 (full 0):
 PSYoungGen      total 28672K, used 28238K [0x00000000eab00000, 0x00000000ee300000, 0x0000000100000000)
  eden space 24576K, 100% used [0x00000000eab00000,0x00000000ec300000,0x00000000ec300000)
  from space 4096K, 89% used [0x00000000ec300000,0x00000000ec693a78,0x00000000ec700000)
  to   space 4096K, 0% used [0x00000000edf00000,0x00000000edf00000,0x00000000ee300000)
 ParOldGen       total 65536K, used 8K [0x00000000c0000000, 0x00000000c4000000, 0x00000000eab00000)
  object space 65536K, 0% used [0x00000000c0000000,0x00000000c0002000,0x00000000c4000000)
 Metaspace       used 6035K, capacity 7024K, committed 7296K, reserved 1056768K
  class space    used 576K, capacity 616K, committed 640K, reserved 1048576K
Event: 3.427 GC heap after
Heap after GC invocations=2 (full 0):
 PSYoungGen      total 53248K, used 4073K [0x00000000eab00000, 0x00000000ee300000, 0x0000000100000000)
  eden space 49152K, 0% used [0x00000000eab00000,0x00000000eab00000,0x00000000edb00000)
  from space 4096K, 99% used [0x00000000edf00000,0x00000000ee2fa7d0,0x00000000ee300000)
  to   space 4096K, 0% used [0x00000000edb00000,0x00000000edb00000,0x00000000edf00000)
 ParOldGen       total 65536K, used 1392K [0x00000000c0000000, 0x00000000c4000000, 0x00000000eab00000)
  object space 65536K, 2% used [0x00000000c0000000,0x00000000c015c220,0x00000000c4000000)
 Metaspace       used 6035K, capacity 7024K, committed 7296K, reserved 1056768K
  class space    used 576K, capacity 616K, committed 640K, reserved 1048576K
}
Event: 7.581 GC heap before
{Heap before GC invocations=3 (full 0):
 PSYoungGen      total 53248K, used 53225K [0x00000000eab00000, 0x00000000ee300000, 0x0000000100000000)
  eden space 49152K, 100% used [0x00000000eab00000,0x00000000edb00000,0x00000000edb00000)
  from space 4096K, 99% used [0x00000000edf00000,0x00000000ee2fa7d0,0x00000000ee300000)
  to   space 4096K, 0% used [0x00000000edb00000,0x00000000edb00000,0x00000000edf00000)
 ParOldGen       total 65536K, used 1392K [0x00000000c0000000, 0x00000000c4000000, 0x00000000eab00000)
  object space 65536K, 2% used [0x00000000c0000000,0x00000000c015c220,0x00000000c4000000)
 Metaspace       used 6151K, capacity 7088K, committed 7296K, reserved 1056768K
  class space    used 578K, capacity 616K, committed 640K, reserved 1048576K
Event: 7.800 GC heap after
Heap after GC invocations=3 (full 0):
 PSYoungGen      total 53248K, used 4094K [0x00000000eab00000, 0x00000000f1300000, 0x0000000100000000)
  eden space 49152K, 0% used [0x00000000eab00000,0x00000000eab00000,0x00000000edb00000)
  from space 4096K, 99% used [0x00000000edb00000,0x00000000edeff8a0,0x00000000edf00000)
  to   space 4096K, 0% used [0x00000000f0f00000,0x00000000f0f00000,0x00000000f1300000)
 ParOldGen       total 65536K, used 8063K [0x00000000c0000000, 0x00000000c4000000, 0x00000000eab00000)
  object space 65536K, 12% used [0x00000000c0000000,0x00000000c07dff80,0x00000000c4000000)
 Metaspace       used 6151K, capacity 7088K, committed 7296K, reserved 1056768K
  class space    used 578K, capacity 616K, committed 640K, reserved 1048576K
}
Event: 9.269 GC heap before
{Heap before GC invocations=4 (full 0):
 PSYoungGen      total 53248K, used 53246K [0x00000000eab00000, 0x00000000f1300000, 0x0000000100000000)
  eden space 49152K, 100% used [0x00000000eab00000,0x00000000edb00000,0x00000000edb00000)
  from space 4096K, 99% used [0x00000000edb00000,0x00000000edeff8a0,0x00000000edf00000)
  to   space 4096K, 0% used [0x00000000f0f00000,0x00000000f0f00000,0x00000000f1300000)
 ParOldGen       total 65536K, used 8063K [0x00000000c0000000, 0x00000000c4000000, 0x00000000eab00000)
  object space 65536K, 12% used [0x00000000c0000000,0x00000000c07dff80,0x00000000c4000000)
 Metaspace       used 6233K, capacity 7152K, committed 7296K, reserved 1056768K
  class space    used 579K, capacity 616K, committed 640K, reserved 1048576K
Event: 9.601 GC heap after
Heap after GC invocations=4 (full 0):
 PSYoungGen      total 102400K, used 4091K [0x00000000eab00000, 0x00000000f1300000, 0x0000000100000000)
  eden space 98304K, 0% used [0x00000000eab00000,0x00000000eab00000,0x00000000f0b00000)
  from space 4096K, 99% used [0x00000000f0f00000,0x00000000f12fef58,0x00000000f1300000)
  to   space 4096K, 0% used [0x00000000f0b00000,0x00000000f0b00000,0x00000000f0f00000)
 ParOldGen       total 65536K, used 16585K [0x00000000c0000000, 0x00000000c4000000, 0x00000000eab00000)
  object space 65536K, 25% used [0x00000000c0000000,0x00000000c10327d0,0x00000000c4000000)
 Metaspace       used 6233K, capacity 7152K, committed 7296K, reserved 1056768K
  class space    used 579K, capacity 616K, committed 640K, reserved 1048576K
}
Event: 13.555 GC heap before
{Heap before GC invocations=5 (full 0):
 PSYoungGen      total 102400K, used 102395K [0x00000000eab00000, 0x00000000f1300000, 0x0000000100000000)
  eden space 98304K, 100% used [0x00000000eab00000,0x00000000f0b00000,0x00000000f0b00000)
  from space 4096K, 99% used [0x00000000f0f00000,0x00000000f12fef58,0x00000000f1300000)
  to   space 4096K, 0% used [0x00000000f0b00000,0x00000000f0b00000,0x00000000f0f00000)
 ParOldGen       total 65536K, used 16585K [0x00000000c0000000, 0x00000000c4000000, 0x00000000eab00000)
  object space 65536K, 25% used [0x00000000c0000000,0x00000000c10327d0,0x00000000c4000000)
 Metaspace       used 6355K, capacity 7216K, committed 7296K, reserved 1056768K
  class space    used 579K, capacity 616K, committed 640K, reserved 1048576K
Event: 13.766 GC heap after
Heap after GC invocations=5 (full 0):
 PSYoungGen      total 102400K, used 4094K [0x00000000eab00000, 0x00000000f9600000, 0x0000000100000000)
  eden space 98304K, 0% used [0x00000000eab00000,0x00000000eab00000,0x00000000f0b00000)
  from space 4096K, 99% used [0x00000000f0b00000,0x00000000f0effb38,0x00000000f0f00000)
  to   space 22016K, 0% used [0x00000000f8080000,0x00000000f8080000,0x00000000f9600000)
 ParOldGen       total 65536K, used 32447K [0x00000000c0000000, 0x00000000c4000000, 0x00000000eab00000)
  object space 65536K, 49% used [0x00000000c0000000,0x00000000c1fafe10,0x00000000c4000000)
 Metaspace       used 6355K, capacity 7216K, committed 7296K, reserved 1056768K
  class space    used 579K, capacity 616K, committed 640K, reserved 1048576K
}
Event: 15.614 GC heap before
{Heap before GC invocations=6 (full 0):
 PSYoungGen      total 102400K, used 102398K [0x00000000eab00000, 0x00000000f9600000, 0x0000000100000000)
  eden space 98304K, 100% used [0x00000000eab00000,0x00000000f0b00000,0x00000000f0b00000)
  from space 4096K, 99% used [0x00000000f0b00000,0x00000000f0effb38,0x00000000f0f00000)
  to   space 22016K, 0% used [0x00000000f8080000,0x00000000f8080000,0x00000000f9600000)
 ParOldGen       total 65536K, used 32447K [0x00000000c0000000, 0x00000000c4000000, 0x00000000eab00000)
  object space 65536K, 49% used [0x00000000c0000000,0x00000000c1fafe10,0x00000000c4000000)
 Metaspace       used 6471K, capacity 7218K, committed 7296K, reserved 1056768K
  class space    used 598K, capacity 618K, committed 640K, reserved 1048576K
Event: 15.813 GC heap after
Heap after GC invocations=6 (full 0):
 PSYoungGen      total 214528K, used 20534K [0x00000000eab00000, 0x00000000f9e00000, 0x0000000100000000)
  eden space 192512K, 0% used [0x00000000eab00000,0x00000000eab00000,0x00000000f6700000)
  from space 22016K, 93% used [0x00000000f8080000,0x00000000f948db30,0x00000000f9600000)
  to   space 26112K, 0% used [0x00000000f6700000,0x00000000f6700000,0x00000000f8080000)
 ParOldGen       total 65536K, used 32455K [0x00000000c0000000, 0x00000000c4000000, 0x00000000eab00000)
  object space 65536K, 49% used [0x00000000c0000000,0x00000000c1fb1e10,0x00000000c4000000)
 Metaspace       used 6471K, capacity 7218K, committed 7296K, reserved 1056768K
  class space    used 598K, capacity 618K, committed 640K, reserved 1048576K
}

Deoptimization events (10 events):
Event: 15.614 Thread 0x00000000166b8000 Uncommon trap: reason=unstable_if action=reinterpret pc=0x000000000300bea8 method=com.android.dx.ssa.PhiTypeResolver.resolveResultType(Lcom/android/dx/ssa/PhiInsn;)Z @ 47
Event: 15.954 Thread 0x0000000016786000 Uncommon trap: reason=unstable_if action=reinterpret pc=0x00000000030375c8 method=java.util.HashMap.putVal(ILjava/lang/Object;Ljava/lang/Object;ZZ)Ljava/lang/Object; @ 162
Event: 15.954 Thread 0x0000000016786000 Uncommon trap: reason=unstable_if action=reinterpret pc=0x00000000029b8d60 method=java.util.HashMap.putVal(ILjava/lang/Object;Ljava/lang/Object;ZZ)Ljava/lang/Object; @ 162
Event: 15.954 Thread 0x0000000016786000 Uncommon trap: reason=unstable_if action=reinterpret pc=0x0000000002d1e484 method=java.util.HashMap.getNode(ILjava/lang/Object;)Ljava/util/HashMap$Node; @ 84
Event: 16.060 Thread 0x00000000166fd000 Uncommon trap: reason=bimorphic action=maybe_recompile pc=0x00000000030ab868 method=com.android.dx.cf.code.BytecodeArray.parseInstruction(ILcom/android/dx/cf/code/BytecodeArray$Visitor;)I @ 1035
Event: 16.060 Thread 0x00000000166fd000 Uncommon trap: reason=bimorphic action=maybe_recompile pc=0x00000000030ab564 method=com.android.dx.cf.code.BytecodeArray.parseInstruction(ILcom/android/dx/cf/code/BytecodeArray$Visitor;)I @ 923
Event: 16.060 Thread 0x00000000166fd000 Uncommon trap: reason=bimorphic action=maybe_recompile pc=0x00000000030abb98 method=com.android.dx.cf.code.BytecodeArray.parseInstruction(ILcom/android/dx/cf/code/BytecodeArray$Visitor;)I @ 1224
Event: 16.060 Thread 0x00000000166fd000 Uncommon trap: reason=bimorphic action=maybe_recompile pc=0x00000000030abb98 method=com.android.dx.cf.code.BytecodeArray.parseInstruction(ILcom/android/dx/cf/code/BytecodeArray$Visitor;)I @ 1224
Event: 16.917 Thread 0x00000000166b8000 Uncommon trap: reason=bimorphic action=maybe_recompile pc=0x00000000030f8364 method=com.android.dx.cf.code.BytecodeArray.parseInstruction(ILcom/android/dx/cf/code/BytecodeArray$Visitor;)I @ 1287
Event: 16.917 Thread 0x00000000166b8000 Uncommon trap: reason=bimorphic action=maybe_recompile pc=0x00000000030f8364 method=com.android.dx.cf.code.BytecodeArray.parseInstruction(ILcom/android/dx/cf/code/BytecodeArray$Visitor;)I @ 1287

Internal exceptions (8 events):
Event: 0.055 Thread 0x000000000230d800 Exception <a 'java/lang/NoSuchMethodError': Method sun.misc.Unsafe.defineClass(Ljava/lang/String;[BII)Ljava/lang/Class; name or signature does not match> (0x00000000eab07c78) thrown at [C:\src\android\AOSP-openjdk\external\jetbrains\jdk\hotspot\src\share\vW6ah¬?
Event: 0.055 Thread 0x000000000230d800 Exception <a 'java/lang/NoSuchMethodError': Method sun.misc.Unsafe.prefetchRead(Ljava/lang/Object;J)V name or signature does not match> (0x00000000eab07f60) thrown at [C:\src\android\AOSP-openjdk\external\jetbrains\jdk\hotspot\src\share\vm\prims\jni.cpp, lå?åp·ñ@
Event: 2.743 Thread 0x000000000230d800 Implicit null exception at 0x0000000002867d6c to 0x000000000286abb9
Event: 3.307 Thread 0x0000000016786000 Implicit null exception at 0x0000000002871c22 to 0x0000000002871d21
Event: 12.530 Thread 0x00000000166fd000 Implicit null exception at 0x0000000002a68712 to 0x0000000002a69ed9
Event: 14.979 Thread 0x00000000166b8000 Exception <a 'java/lang/ArrayIndexOutOfBoundsException': 18> (0x00000000edc8b090) thrown at [C:\src\android\AOSP-openjdk\external\jetbrains\jdk\hotspot\src\share\vm\interpreter\interpreterRuntime.cpp, line 366]
Event: 14.980 Thread 0x00000000166b8000 Exception <a 'java/lang/ArrayIndexOutOfBoundsException'> (0x00000000edc8cc10) thrown at [C:\src\android\AOSP-openjdk\external\jetbrains\jdk\hotspot\src\share\vm\runtime\sharedRuntime.cpp, line 605]
Event: 14.981 Thread 0x00000000166b8000 Exception <a 'java/lang/ArrayIndexOutOfBoundsException'> (0x00000000edc8def8) thrown at [C:\src\android\AOSP-openjdk\external\jetbrains\jdk\hotspot\src\share\vm\runtime\sharedRuntime.cpp, line 605]

Events (10 events):
Event: 16.917 Thread 0x00000000166b8000 Uncommon trap: trap_request=0xffffffc6 fr.pc=0x00000000030f8364
Event: 16.917 Thread 0x00000000166b8000 DEOPT PACKING pc=0x00000000030f8364 sp=0x000000001780e2c0
Event: 16.917 Thread 0x00000000166b8000 DEOPT UNPACKING pc=0x000000000255556a sp=0x000000001780e258 mode 2
Event: 16.917 Thread 0x00000000166b8000 Uncommon trap: trap_request=0xffffffc6 fr.pc=0x00000000030f8364
Event: 16.917 Thread 0x00000000166b8000 DEOPT PACKING pc=0x00000000030f8364 sp=0x000000001780e330
Event: 16.917 Thread 0x00000000166b8000 DEOPT UNPACKING pc=0x000000000255556a sp=0x000000001780e2c8 mode 2
Event: 16.949 Thread 0x00000000166b8000 DEOPT PACKING pc=0x000000000308976f sp=0x000000001780e270
Event: 16.949 Thread 0x00000000166b8000 DEOPT UNPACKING pc=0x00000000025575bf sp=0x000000001780e078 mode 0
Event: 16.952 Thread 0x00000000166fe000 DEOPT PACKING pc=0x0000000003014f2e sp=0x000000001770ea20
Event: 16.952 Thread 0x00000000166fe000 DEOPT UNPACKING pc=0x00000000025575bf sp=0x000000001770e860 mode 0


Dynamic libraries:
0x00007ff64afa0000 - 0x00007ff64afd1000 	C:\Program Files\Android\Android Studio\jre\bin\java.exe
0x00007ffd0e220000 - 0x00007ffd0e3cd000 	C:\WINDOWS\SYSTEM32\ntdll.dll
0x00007ffd0d360000 - 0x00007ffd0d49e000 	C:\WINDOWS\system32\KERNEL32.DLL
0x00007ffd0b540000 - 0x00007ffd0b655000 	C:\WINDOWS\system32\KERNELBASE.dll
0x00007ffd0dd30000 - 0x00007ffd0ddda000 	C:\WINDOWS\system32\ADVAPI32.dll
0x00007ffd0dae0000 - 0x00007ffd0dc57000 	C:\WINDOWS\system32\USER32.dll
0x00007ffd07d90000 - 0x00007ffd0800b000 	C:\WINDOWS\WinSxS\amd64_microsoft.windows.common-controls_6595b64144ccf1df_6.0.9600.18006_none_623f33d3ecbe86e8\COMCTL32.dll
0x00007ffd0d640000 - 0x00007ffd0d6ea000 	C:\WINDOWS\system32\msvcrt.dll
0x00007ffd0de60000 - 0x00007ffd0deb9000 	C:\WINDOWS\SYSTEM32\sechost.dll
0x00007ffd0bc20000 - 0x00007ffd0bd60000 	C:\WINDOWS\system32\RPCRT4.dll
0x00007ffd0d980000 - 0x00007ffd0dacf000 	C:\WINDOWS\system32\GDI32.dll
0x00007ffd0b460000 - 0x00007ffd0b48e000 	C:\WINDOWS\system32\SspiCli.dll
0x00007ffd0d6f0000 - 0x00007ffd0d726000 	C:\WINDOWS\system32\IMM32.DLL
0x00007ffd0b8a0000 - 0x00007ffd0b9f2000 	C:\WINDOWS\system32\MSCTF.dll
0x000000006e4e0000 - 0x000000006e5b2000 	C:\Program Files\Android\Android Studio\jre\jre\bin\msvcr100.dll
0x000000006e6a0000 - 0x000000006eedc000 	C:\Program Files\Android\Android Studio\jre\jre\bin\server\jvm.dll
0x00007ffcfed20000 - 0x00007ffcfed29000 	C:\WINDOWS\SYSTEM32\WSOCK32.dll
0x00007ffd062f0000 - 0x00007ffd06312000 	C:\WINDOWS\SYSTEM32\WINMM.dll
0x00007ffd01ff0000 - 0x00007ffd01ffa000 	C:\WINDOWS\SYSTEM32\VERSION.dll
0x00007ffd0de50000 - 0x00007ffd0de57000 	C:\WINDOWS\system32\PSAPI.DLL
0x00007ffd0bd70000 - 0x00007ffd0bdca000 	C:\WINDOWS\system32\WS2_32.dll
0x00007ffd062c0000 - 0x00007ffd062ea000 	C:\WINDOWS\SYSTEM32\WINMMBASE.dll
0x00007ffd0de40000 - 0x00007ffd0de49000 	C:\WINDOWS\system32\NSI.dll
0x00007ffd0b410000 - 0x00007ffd0b45f000 	C:\WINDOWS\SYSTEM32\cfgmgr32.dll
0x00007ffd0a160000 - 0x00007ffd0a188000 	C:\WINDOWS\SYSTEM32\DEVOBJ.dll
0x00007ffd07850000 - 0x00007ffd0785f000 	C:\Program Files\Android\Android Studio\jre\jre\bin\verify.dll
0x00007ffcfce60000 - 0x00007ffcfce89000 	C:\Program Files\Android\Android Studio\jre\jre\bin\java.dll
0x00007ffcfc450000 - 0x00007ffcfc466000 	C:\Program Files\Android\Android Studio\jre\jre\bin\zip.dll
0x00007ffd0be30000 - 0x00007ffd0d358000 	C:\WINDOWS\system32\SHELL32.dll
0x00007ffd0ba00000 - 0x00007ffd0bc11000 	C:\WINDOWS\SYSTEM32\combase.dll
0x00007ffd0bdd0000 - 0x00007ffd0be24000 	C:\WINDOWS\system32\SHLWAPI.dll
0x00007ffd09680000 - 0x00007ffd09732000 	C:\WINDOWS\SYSTEM32\SHCORE.dll
0x00007ffd0b340000 - 0x00007ffd0b355000 	C:\WINDOWS\SYSTEM32\profapi.dll

VM Arguments:
jvm_args: -Djava.awt.headless=true -Xmx1024M -Dfile.encoding=windows-1252 -Duser.country=US -Duser.language=en -Duser.variant 
java_command: com.android.dx.command.Main --dex --num-threads=4 --output E:\___Sem1_2017\RMIT\Week08\Week08\FragmentExample\FragmentExample\app\build\intermediates\pre-dexed\debug\classes_05d185a00440c400a385994562c9a90db72d0a23.jar C:\Users\Sunam\.android\build-cache\b2184453d38123653416bcea1fda15e9d8dbabff\output\jars\classes.jar
java_class_path (initial): C:\Users\Sunam\AppData\Local\Android\sdk\build-tools\25.0.0\lib\dx.jar
Launcher Type: SUN_STANDARD

Environment Variables:
JAVA_HOME=C:\Program Files\Java\jdk1.7.0_79
PATH=C:\ProgramData\Oracle\Java\javapath;C:\Program Files (x86)\Intel\iCLS Client\;C:\Program Files\Intel\iCLS Client\;C:\WINDOWS\system32;C:\WINDOWS;C:\WINDOWS\System32\Wbem;C:\WINDOWS\System32\WindowsPowerShell\v1.0\;C:\Program Files\Intel\Intel(R) Management Engine Components\DAL;C:\Program Files\Intel\Intel(R) Management Engine Components\IPT;C:\Program Files (x86)\Intel\Intel(R) Management Engine Components\DAL;C:\Program Files (x86)\Intel\Intel(R) Management Engine Components\IPT;C:\Program Files (x86)\Intel\OpenCL SDK\2.0\bin\x86;C:\Program Files (x86)\Intel\OpenCL SDK\2.0\bin\x64;C:\Program Files\Java\jdk1.7.0_79\bin;C:\Program Files\Intel\WiFi\bin\;C:\Program Files\Common Files\Intel\WirelessCommon\; C:\Users\Sunam\AppData\Local\Android\sdk\platform-tools; C:\Users\Sunam\AppData\Local\Android\sdk\tools;C:\Program Files\Microsoft SQL Server\120\Tools\Binn\;C:\Program Files\Microsoft SQL Server\130\Tools\Binn\;C:\WINDOWS\system32\config\systemprofile\.dnx\bin;C:\Program Files\Microsoft DNX\Dnvm\;C:\Program Files\Git\cmd;C:\Program Files (x86)\Skype\Phone\;C:\Program Files\Intel\WiFi\bin\;C:\Program Files\Common Files\Intel\WirelessCommon\
USERNAME=Sunam
OS=Windows_NT
PROCESSOR_IDENTIFIER=Intel64 Family 6 Model 58 Stepping 9, GenuineIntel



---------------  S Y S T E M  ---------------

OS: Windows 8.1 , 64 bit Build 9600 (6.3.9600.17415)

CPU:total 4 (2 cores per cpu, 2 threads per core) family 6 model 58 stepping 9, cmov, cx8, fxsr, mmx, sse, sse2, sse3, ssse3, sse4.1, sse4.2, popcnt, avx, aes, clmul, erms, ht, tsc, tscinvbit, tscinv

Memory: 4k page, physical 6183064k(718796k free), swap 9328792k(4536k free)

vm_info: OpenJDK 64-Bit Server VM (25.112-b06) for windows-amd64 JRE (1.8.0_112-release-b06), built on Dec  8 2016 00:54:26 by "builder" with MS VC++ 10.0 (VS2010)

time: Sun Mar 26 18:44:17 2017
elapsed time: 17 seconds (0d 0h 0m 17s)

