#
# There is insufficient memory for the Java Runtime Environment to continue.
# Native memory allocation (malloc) failed to allocate 32744 bytes for ChunkPool::allocate
# Possible reasons:
#   The system is out of physical RAM or swap space
#   In 32 bit mode, the process size limit was hit
# Possible solutions:
#   Reduce memory load on the system
#   Increase physical memory or swap space
#   Check if swap backing store is full
#   Use 64 bit Java on a 64 bit OS
#   Decrease Java heap size (-Xmx/-Xms)
#   Decrease number of Java threads
#   Decrease Java thread stack sizes (-Xss)
#   Set larger code cache with -XX:ReservedCodeCacheSize=
# This output file may be truncated or incomplete.
#
#  Out of Memory Error (allocation.cpp:273), pid=2712, tid=0x00000000000027c8
#
# JRE version: OpenJDK Runtime Environment (8.0_112-b06) (build 1.8.0_112-release-b06)
# Java VM: OpenJDK 64-Bit Server VM (25.112-b06 mixed mode windows-amd64 compressed oops)
# Failed to write core dump. Minidumps are not enabled by default on client versions of Windows
#

---------------  T H R E A D  ---------------

Current thread (0x00000000147b8000):  JavaThread "C1 CompilerThread2" daemon [_thread_in_native, id=10184, stack(0x0000000015fd0000,0x00000000160d0000)]

Stack: [0x0000000015fd0000,0x00000000160d0000]
[error occurred during error reporting (printing stack bounds), id 0xc0000005]

Native frames: (J=compiled Java code, j=interpreted, Vv=VM code, C=native code)


Current CompileTask:
C1:   9019  651   !   3      
[error occurred during error reporting (printing current compile task), id 0xe0000001]


---------------  P R O C E S S  ---------------

Java Threads: ( => current thread )
  0x00000000163f4000 JavaThread "pool-1-thread-4" [_thread_in_Java, id=8684, stack(0x0000000016ad0000,0x0000000016bd0000)]
  0x0000000016346000 JavaThread "pool-1-thread-3" [_thread_in_Java, id=4888, stack(0x00000000169d0000,0x0000000016ad0000)]
  0x0000000016345800 JavaThread "pool-1-thread-2" [_thread_blocked, id=9064, stack(0x00000000168d0000,0x00000000169d0000)]
  0x000000001633a000 JavaThread "pool-2-thread-1" [_thread_blocked, id=1224, stack(0x00000000167d0000,0x00000000168d0000)]
  0x0000000016339800 JavaThread "pool-1-thread-1" [_thread_blocked, id=9280, stack(0x00000000166d0000,0x00000000167d0000)]
  0x00000000160d0800 JavaThread "Service Thread" daemon [_thread_blocked, id=8628, stack(0x00000000164d0000,0x00000000165d0000)]
=>0x00000000147b8000 JavaThread "C1 CompilerThread2" daemon [_thread_in_native, id=10184, stack(0x0000000015fd0000,0x00000000160d0000)]
  0x00000000147b4800 JavaThread "C2 CompilerThread1" daemon [_thread_blocked, id=5988, stack(0x0000000015ed0000,0x0000000015fd0000)]
  0x0000000014768000 JavaThread "C2 CompilerThread0" daemon [_thread_blocked, id=9624, stack(0x0000000015dd0000,0x0000000015ed0000)]
  0x0000000014765800 JavaThread "Attach Listener" daemon [_thread_blocked, id=9232, stack(0x0000000015cd0000,0x0000000015dd0000)]
  0x0000000014764800 JavaThread "Signal Dispatcher" daemon [_thread_blocked, id=9980, stack(0x0000000015bd0000,0x0000000015cd0000)]
  0x000000000206b800 JavaThread "Finalizer" daemon [_thread_blocked, id=9660, stack(0x00000000159e0000,0x0000000015ae0000)]
  0x0000000002060800 JavaThread "Reference Handler" daemon [_thread_blocked, id=2648, stack(0x00000000158e0000,0x00000000159e0000)]
  0x000000000063d800 JavaThread "main" [_thread_in_Java, id=9940, stack(0x0000000000740000,0x0000000000840000)]

Other Threads:
  0x0000000014725000 VMThread [stack: 0x00000000157e0000,0x00000000158e0000] [id=2088]
  0x00000000160d2000 WatcherThread [stack: 0x00000000165d0000,0x00000000166d0000] [id=5964]

VM state:not at safepoint (normal execution)

VM Mutex/Monitor currently owned by a thread: None

Heap:
 PSYoungGen      total 28672K, used 18571K [0x00000000eab00000, 0x00000000ecb00000, 0x0000000100000000)
  eden space 24576K, 75% used [0x00000000eab00000,0x00000000ebd22db8,0x00000000ec300000)
  from space 4096K, 0% used [0x00000000ec700000,0x00000000ec700000,0x00000000ecb00000)
  to   space 4096K, 0% used [0x00000000ec300000,0x00000000ec300000,0x00000000ec700000)
 ParOldGen       total 65536K, used 0K [0x00000000c0000000, 0x00000000c4000000, 0x00000000eab00000)
  object space 65536K, 0% used [0x00000000c0000000,0x00000000c0000000,0x00000000c4000000)
 Metaspace       used 5514K, capacity 6576K, committed 6784K, reserved 1056768K
  class space    used 568K, capacity 616K, committed 640K, reserved 1048576K

Card table byte_map: [0x0000000011430000,0x0000000011640000] byte_map_base: 0x0000000010e30000

Marking Bits: (ParMarkBitMap*) 0x000000006ee618f0
 Begin Bits: [0x0000000011ba0000, 0x0000000012ba0000)
 End Bits:   [0x0000000012ba0000, 0x0000000013ba0000)

Polling page: 0x0000000000600000

CodeCache: size=245760Kb used=2516Kb max_used=2516Kb free=243243Kb
 bounds [0x0000000002070000, 0x00000000022f0000, 0x0000000011070000]
 total_blobs=918 nmethods=650 adapters=182
 compilation: enabled

Compilation events (10 events):
Event: 8.988 Thread 0x00000000147b8000 nmethod 645 0x00000000022e1890 code [0x00000000022e1a00, 0x00000000022e1b88]
Event: 8.988 Thread 0x00000000147b8000  647       3       com.android.dx.util.LabeledList::set (45 bytes)
Event: 8.989 Thread 0x00000000147b8000 nmethod 647 0x00000000022e1fd0 code [0x00000000022e2200, 0x00000000022e2f68]
Event: 8.989 Thread 0x00000000147b8000  648       3       com.android.dx.cf.code.ExecutionStack::<init> (34 bytes)
Event: 8.990 Thread 0x00000000147b8000 nmethod 648 0x00000000022e3750 code [0x00000000022e38c0, 0x00000000022e3c70]
Event: 8.990 Thread 0x00000000147b8000  649       3       com.android.dx.cf.code.BaseMachine::getLocalTarget (151 bytes)
Event: 8.991 Thread 0x00000000147b8000 nmethod 649 0x00000000022e3d90 code [0x00000000022e4040, 0x00000000022e5208]
Event: 8.991 Thread 0x00000000147b8000  650       3       com.android.dx.cf.code.ExecutionStack::pop (54 bytes)
Event: 8.992 Thread 0x00000000147b8000 nmethod 650 0x00000000022e5a50 code [0x00000000022e5c20, 0x00000000022e6338]
Event: 8.992 Thread 0x00000000147b8000  651   !   3       com.android.dx.cf.code.BytecodeArray::parseInstruction (2764 bytes)

GC Heap History (0 events):
No events

Deoptimization events (1 events):
Event: 7.564 Thread 0x000000000063d800 Uncommon trap: reason=unstable_if action=reinterpret pc=0x00000000021bfa14 method=java.lang.String.indexOf(II)I @ 49

Internal exceptions (2 events):
Event: 5.408 Thread 0x000000000063d800 Exception <a 'java/lang/NoSuchMethodError': Method sun.misc.Unsafe.defineClass(Ljava/lang/String;[BII)Ljava/lang/Class; name or signature does not match> (0x00000000eab07c78) thrown at [C:\src\android\AOSP-openjdk\external\jetbrains\jdk\hotspot\src\share\vbìûzC¢@
Event: 5.408 Thread 0x000000000063d800 Exception <a 'java/lang/NoSuchMethodError': Method sun.misc.Unsafe.prefetchRead(Ljava/lang/Object;J)V name or signature does not match> (0x00000000eab07f60) thrown at [C:\src\android\AOSP-openjdk\external\jetbrains\jdk\hotspot\src\share\vm\prims\jni.cpp, l

Events (10 events):
Event: 8.588 loading class com/android/dx/ssa/PhiInsn$Operand
Event: 8.588 loading class com/android/dx/ssa/PhiInsn$Operand done
Event: 8.592 loading class com/android/dx/ssa/back/FirstFitLocalCombiningAllocator$Multiset
Event: 8.592 loading class com/android/dx/ssa/back/FirstFitLocalCombiningAllocator$Multiset done
Event: 8.606 loading class com/android/dx/cf/code/BytecodeArray$ConstantParserVisitor
Event: 8.606 loading class com/android/dx/cf/code/BytecodeArray$ConstantParserVisitor done
Event: 8.619 loading class java/util/HashMap$Values
Event: 8.619 loading class java/util/HashMap$Values done
Event: 8.619 loading class java/util/HashMap$ValueIterator
Event: 8.619 loading class java/util/HashMap$ValueIterator done


Dynamic libraries:
0x00007ff64afa0000 - 0x00007ff64afd1000 	C:\Program Files\Android\Android Studio\jre\bin\java.exe
0x00007ffd0e220000 - 0x00007ffd0e3cd000 	C:\WINDOWS\SYSTEM32\ntdll.dll
0x00007ffd0d360000 - 0x00007ffd0d49e000 	C:\WINDOWS\system32\KERNEL32.DLL
0x00007ffd0b540000 - 0x00007ffd0b655000 	C:\WINDOWS\system32\KERNELBASE.dll
0x00007ffd0dd30000 - 0x00007ffd0ddda000 	C:\WINDOWS\system32\ADVAPI32.dll
0x00007ffd0dae0000 - 0x00007ffd0dc57000 	C:\WINDOWS\system32\USER32.dll
0x00007ffd07d90000 - 0x00007ffd0800b000 	C:\WINDOWS\WinSxS\amd64_microsoft.windows.common-controls_6595b64144ccf1df_6.0.9600.18006_none_623f33d3ecbe86e8\COMCTL32.dll
0x00007ffd0d640000 - 0x00007ffd0d6ea000 	C:\WINDOWS\system32\msvcrt.dll
0x00007ffd0de60000 - 0x00007ffd0deb9000 	C:\WINDOWS\SYSTEM32\sechost.dll
0x00007ffd0bc20000 - 0x00007ffd0bd60000 	C:\WINDOWS\system32\RPCRT4.dll
0x00007ffd0d980000 - 0x00007ffd0dacf000 	C:\WINDOWS\system32\GDI32.dll
0x00007ffd0b460000 - 0x00007ffd0b48e000 	C:\WINDOWS\system32\SspiCli.dll
0x00007ffd0d6f0000 - 0x00007ffd0d726000 	C:\WINDOWS\system32\IMM32.DLL
0x00007ffd0b8a0000 - 0x00007ffd0b9f2000 	C:\WINDOWS\system32\MSCTF.dll
0x000000006e4e0000 - 0x000000006e5b2000 	C:\Program Files\Android\Android Studio\jre\jre\bin\msvcr100.dll
0x000000006e6a0000 - 0x000000006eedc000 	C:\Program Files\Android\Android Studio\jre\jre\bin\server\jvm.dll
0x00007ffcfed20000 - 0x00007ffcfed29000 	C:\WINDOWS\SYSTEM32\WSOCK32.dll
0x00007ffd062f0000 - 0x00007ffd06312000 	C:\WINDOWS\SYSTEM32\WINMM.dll
0x00007ffd01ff0000 - 0x00007ffd01ffa000 	C:\WINDOWS\SYSTEM32\VERSION.dll
0x00007ffd0de50000 - 0x00007ffd0de57000 	C:\WINDOWS\system32\PSAPI.DLL
0x00007ffd0bd70000 - 0x00007ffd0bdca000 	C:\WINDOWS\system32\WS2_32.dll
0x00007ffd062c0000 - 0x00007ffd062ea000 	C:\WINDOWS\SYSTEM32\WINMMBASE.dll
0x00007ffd0de40000 - 0x00007ffd0de49000 	C:\WINDOWS\system32\NSI.dll
0x00007ffd0b410000 - 0x00007ffd0b45f000 	C:\WINDOWS\SYSTEM32\cfgmgr32.dll
0x00007ffd0a160000 - 0x00007ffd0a188000 	C:\WINDOWS\SYSTEM32\DEVOBJ.dll
0x00007ffd07850000 - 0x00007ffd0785f000 	C:\Program Files\Android\Android Studio\jre\jre\bin\verify.dll
0x00007ffcfce60000 - 0x00007ffcfce89000 	C:\Program Files\Android\Android Studio\jre\jre\bin\java.dll
0x00007ffcfc450000 - 0x00007ffcfc466000 	C:\Program Files\Android\Android Studio\jre\jre\bin\zip.dll
0x00007ffd0be30000 - 0x00007ffd0d358000 	C:\WINDOWS\system32\SHELL32.dll
0x00007ffd0ba00000 - 0x00007ffd0bc11000 	C:\WINDOWS\SYSTEM32\combase.dll
0x00007ffd0bdd0000 - 0x00007ffd0be24000 	C:\WINDOWS\system32\SHLWAPI.dll
0x00007ffd09680000 - 0x00007ffd09732000 	C:\WINDOWS\SYSTEM32\SHCORE.dll
0x00007ffd0b340000 - 0x00007ffd0b355000 	C:\WINDOWS\SYSTEM32\profapi.dll

VM Arguments:
jvm_args: -Djava.awt.headless=true -Xmx1024M -Dfile.encoding=windows-1252 -Duser.country=US -Duser.language=en -Duser.variant 
java_command: com.android.dx.command.Main --dex --num-threads=4 --output E:\___Sem1_2017\RMIT\Week08\Week08\FragmentExample\FragmentExample\app\build\intermediates\pre-dexed\debug\internal_impl-23.1.1_07ed7d5fa422cb5554d8eb6b6fc83b1b4fb45a68.jar C:\Users\Sunam\.android\build-cache\b2184453d38123653416bcea1fda15e9d8dbabff\output\jars\libs\internal_impl-23.1.1.jar
java_class_path (initial): C:\Users\Sunam\AppData\Local\Android\sdk\build-tools\25.0.0\lib\dx.jar
Launcher Type: SUN_STANDARD

Environment Variables:
JAVA_HOME=C:\Program Files\Java\jdk1.7.0_79
PATH=C:\ProgramData\Oracle\Java\javapath;C:\Program Files (x86)\Intel\iCLS Client\;C:\Program Files\Intel\iCLS Client\;C:\WINDOWS\system32;C:\WINDOWS;C:\WINDOWS\System32\Wbem;C:\WINDOWS\System32\WindowsPowerShell\v1.0\;C:\Program Files\Intel\Intel(R) Management Engine Components\DAL;C:\Program Files\Intel\Intel(R) Management Engine Components\IPT;C:\Program Files (x86)\Intel\Intel(R) Management Engine Components\DAL;C:\Program Files (x86)\Intel\Intel(R) Management Engine Components\IPT;C:\Program Files (x86)\Intel\OpenCL SDK\2.0\bin\x86;C:\Program Files (x86)\Intel\OpenCL SDK\2.0\bin\x64;C:\Program Files\Java\jdk1.7.0_79\bin;C:\Program Files\Intel\WiFi\bin\;C:\Program Files\Common Files\Intel\WirelessCommon\; C:\Users\Sunam\AppData\Local\Android\sdk\platform-tools; C:\Users\Sunam\AppData\Local\Android\sdk\tools;C:\Program Files\Microsoft SQL Server\120\Tools\Binn\;C:\Program Files\Microsoft SQL Server\130\Tools\Binn\;C:\WINDOWS\system32\config\systemprofile\.dnx\bin;C:\Program Files\Microsoft DNX\Dnvm\;C:\Program Files\Git\cmd;C:\Program Files (x86)\Skype\Phone\;C:\Program Files\Intel\WiFi\bin\;C:\Program Files\Common Files\Intel\WirelessCommon\
USERNAME=Sunam
OS=Windows_NT
PROCESSOR_IDENTIFIER=Intel64 Family 6 Model 58 Stepping 9, GenuineIntel



---------------  S Y S T E M  ---------------

OS: Windows 8.1 , 64 bit Build 9600 (6.3.9600.17415)

CPU:total 4 (2 cores per cpu, 2 threads per core) family 6 model 58 stepping 9, cmov, cx8, fxsr, mmx, sse, sse2, sse3, ssse3, sse4.1, sse4.2, popcnt, avx, aes, clmul, erms, ht, tsc, tscinvbit, tscinv

Memory: 4k page, physical 6183064k(718796k free), swap 9328792k(4536k free)

vm_info: OpenJDK 64-Bit Server VM (25.112-b06) for windows-amd64 JRE (1.8.0_112-release-b06), built on Dec  8 2016 00:54:26 by "builder" with MS VC++ 10.0 (VS2010)

time: Sun Mar 26 18:44:17 2017
elapsed time: 9 seconds (0d 0h 0m 9s)

